<?xml version="1.0" encoding="UTF-8"?>
<!-- Generated by org.testng.reporters.JUnitReportReporter -->
<testsuite hostname="Asus-Vivobook-15" failures="0" tests="1" name="TestScript.CalculatorAppTest" time="6.465" errors="0" timestamp="23 Jul 2023 12:41:55 GMT">
  <testcase classname="TestScript.CalculatorAppTest" name="basictest" time="6.465"/>
</testsuite> <!-- TestScript.CalculatorAppTest -->
